2024-03-30 01:29:27,233	INFO	预约成功<br/>您已违约2次,详情请登录web端或联系管理员
2024-03-30 21:53:03,938	ERROR	An error occurred: Unexpected UTF-8 BOM (decode using utf-8-sig): line 1 column 1 (char 0)
2024-03-31 11:16:03,309	INFO	预约成功<br/>您已违约2次,详情请登录web端或联系管理员
2024-03-31 11:29:38,399	INFO	预约成功<br/>您已违约2次,详情请登录web端或联系管理员
2024-04-01 09:08:56,728	INFO	预约成功<br/>您已违约2次,详情请登录web端或联系管理员
2024-04-02 04:57:03,042	INFO	预约成功<br/>您已违约2次,详情请登录web端或联系管理员
2024-04-02 05:08:58,923	INFO	预约成功<br/>您已违约2次,详情请登录web端或联系管理员
2024-04-02 22:09:48,039	INFO	预约成功<br/>您已违约2次,详情请登录web端或联系管理员
2024-04-05 06:50:02,442	ERROR	An error occurred: Unexpected UTF-8 BOM (decode using utf-8-sig): line 1 column 1 (char 0)
2024-04-05 21:51:19,952	ERROR	An error occurred: Unexpected UTF-8 BOM (decode using utf-8-sig): line 1 column 1 (char 0)
2024-04-06 21:56:54,948	ERROR	An error occurred: Unexpected UTF-8 BOM (decode using utf-8-sig): line 1 column 1 (char 0)
2024-04-07 00:42:53,397	INFO	预约成功<br/>您已违约2次,详情请登录web端或联系管理员
2024-04-07 22:00:01,592	INFO	预约成功<br/>您已违约1次,详情请登录web端或联系管理员
2024-04-08 22:00:00,743	INFO	预约成功<br/>您已违约1次,详情请登录web端或联系管理员
2024-04-10 21:59:59,533	INFO	预约成功<br/>您已违约1次,详情请登录web端或联系管理员
2024-04-11 22:00:01,565	INFO	预约成功<br/>您已违约2次,详情请登录web端或联系管理员
2024-04-12 22:00:00,757	INFO	预约成功<br/>您已违约2次,详情请登录web端或联系管理员
2024-04-14 23:50:02,887	ERROR	An error occurred: Unexpected UTF-8 BOM (decode using utf-8-sig): line 1 column 1 (char 0)
2024-04-16 22:00:01,717	INFO	预约成功<br/>您已违约1次,详情请登录web端或联系管理员
2024-04-17 22:00:01,605	INFO	预约成功<br/>您已违约1次,详情请登录web端或联系管理员
2024-04-18 22:00:01,244	INFO	预约成功<br/>您已违约1次,详情请登录web端或联系管理员
2024-04-19 22:00:00,769	INFO	预约成功<br/>您已违约1次,详情请登录web端或联系管理员
2024-04-20 22:00:01,808	INFO	预约成功<br/>您已违约1次,详情请登录web端或联系管理员
2024-04-21 22:00:00,361	INFO	预约成功<br/>您已违约1次,详情请登录web端或联系管理员
2024-04-22 22:00:00,571	INFO	预约成功<br/>您已违约1次,详情请登录web端或联系管理员
2024-04-23 22:00:00,756	INFO	预约成功<br/>您已违约1次,详情请登录web端或联系管理员
2024-04-24 21:59:59,476	INFO	预约成功<br/>您已违约1次,详情请登录web端或联系管理员
2024-04-25 21:59:57,089	INFO	预约成功<br/>您已违约1次,详情请登录web端或联系管理员
2024-04-26 22:00:00,597	INFO	预约成功<br/>您已违约1次,详情请登录web端或联系管理员
2024-04-27 22:00:00,815	INFO	预约成功<br/>您已违约1次,详情请登录web端或联系管理员
2024-04-28 22:00:01,445	INFO	预约成功<br/>您已违约2次,详情请登录web端或联系管理员
2024-04-29 22:00:00,915	INFO	预约成功<br/>您已违约1次,详情请登录web端或联系管理员
2024-05-05 22:10:00,447	INFO	预约成功<br/>您已违约2次,详情请登录web端或联系管理员
2024-05-06 22:10:23,748	ERROR	An error occurred: 'access_token'
2024-05-07 00:16:20,720	ERROR	An error occurred: 'access_token'
2024-05-07 05:44:40,370	INFO	预约成功<br/>您已违约2次,详情请登录web端或联系管理员
2024-05-07 05:47:07,828	INFO	预约成功<br/>您已违约2次,详情请登录web端或联系管理员
2024-05-07 22:10:59,245	INFO	预约成功<br/>您已违约2次,详情请登录web端或联系管理员
2024-05-08 22:09:22,142	INFO	预约成功<br/>您已违约2次,详情请登录web端或联系管理员
2024-05-09 22:49:58,646	ERROR	An error occurred: Unexpected UTF-8 BOM (decode using utf-8-sig): line 1 column 1 (char 0)
2024-05-10 22:49:58,477	ERROR	An error occurred: Unexpected UTF-8 BOM (decode using utf-8-sig): line 1 column 1 (char 0)
2024-05-11 22:49:57,309	ERROR	An error occurred: Unexpected UTF-8 BOM (decode using utf-8-sig): line 1 column 1 (char 0)
2024-05-12 22:09:02,733	INFO	预约成功
2024-05-13 22:10:44,729	INFO	预约成功
2024-05-14 22:10:54,903	INFO	预约成功
2024-05-16 22:10:22,243	INFO	预约成功
2024-05-17 22:10:18,294	INFO	预约成功
2024-05-18 22:09:00,872	INFO	预约成功
2024-05-19 22:12:10,222	INFO	预约成功
2024-05-20 22:09:43,542	INFO	预约成功
2024-05-21 22:09:52,410	INFO	预约成功
2024-05-22 22:10:05,150	INFO	预约成功
2024-05-23 22:50:01,032	ERROR	An error occurred: Unexpected UTF-8 BOM (decode using utf-8-sig): line 1 column 1 (char 0)
2024-05-24 22:10:39,167	INFO	预约成功
2024-05-25 22:10:22,752	INFO	预约成功
2024-05-26 22:09:41,127	INFO	预约成功
2024-05-27 22:09:36,621	INFO	预约成功
2024-05-29 22:10:25,147	INFO	预约成功
2024-05-30 22:11:20,735	INFO	预约成功
2024-05-31 22:10:02,201	INFO	预约成功
2024-06-01 22:50:01,825	ERROR	An error occurred: Unexpected UTF-8 BOM (decode using utf-8-sig): line 1 column 1 (char 0)
2024-06-05 22:50:03,035	ERROR	An error occurred: Unexpected UTF-8 BOM (decode using utf-8-sig): line 1 column 1 (char 0)
2024-06-07 22:50:00,532	ERROR	An error occurred: Unexpected UTF-8 BOM (decode using utf-8-sig): line 1 column 1 (char 0)
2024-06-08 23:50:02,961	ERROR	An error occurred: Unexpected UTF-8 BOM (decode using utf-8-sig): line 1 column 1 (char 0)
2024-06-13 22:32:44,640	ERROR	An error occurred: ('Connection aborted.', ConnectionResetError(104, 'Connection reset by peer'))
2024-06-15 22:50:02,697	ERROR	An error occurred: Unexpected UTF-8 BOM (decode using utf-8-sig): line 1 column 1 (char 0)
2024-06-16 22:50:02,063	ERROR	An error occurred: Unexpected UTF-8 BOM (decode using utf-8-sig): line 1 column 1 (char 0)
