2024-03-31 22:50:02,130	ERROR	An error occurred: Unexpected UTF-8 BOM (decode using utf-8-sig): line 1 column 1 (char 0)
2024-04-01 22:00:00,685	INFO	预约成功<br/>您已违约1次,详情请登录web端或联系管理员
2024-04-02 05:06:52,227	INFO	预约成功<br/>您已违约1次,详情请登录web端或联系管理员
2024-04-02 22:06:59,015	INFO	预约成功<br/>您已违约1次,详情请登录web端或联系管理员
2024-04-03 22:04:31,879	INFO	预约成功<br/>您已违约1次,详情请登录web端或联系管理员
2024-04-04 22:00:01,067	INFO	预约成功<br/>您已违约1次,详情请登录web端或联系管理员
2024-04-05 21:59:59,905	INFO	预约成功<br/>您已违约1次,详情请登录web端或联系管理员
2024-04-06 22:02:04,417	INFO	预约成功<br/>您已违约1次,详情请登录web端或联系管理员
2024-04-08 21:55:39,979	ERROR	An error occurred: Unexpected UTF-8 BOM (decode using utf-8-sig): line 1 column 1 (char 0)
2024-04-09 21:54:26,737	ERROR	An error occurred: Unexpected UTF-8 BOM (decode using utf-8-sig): line 1 column 1 (char 0)
2024-04-11 22:09:49,429	INFO	预约成功<br/>您已违约1次,详情请登录web端或联系管理员
2024-04-13 22:09:45,106	INFO	预约成功<br/>您已违约2次,详情请登录web端或联系管理员
2024-04-14 23:19:38,145	INFO	预约成功<br/>您已违约2次,详情请登录web端或联系管理员
2024-04-15 22:09:36,996	INFO	预约成功<br/>您已违约2次,详情请登录web端或联系管理员
2024-04-17 22:09:47,872	INFO	预约成功<br/>您已违约2次,详情请登录web端或联系管理员
2024-04-19 22:09:32,395	INFO	预约成功<br/>您已违约2次,详情请登录web端或联系管理员
2024-04-20 22:10:23,132	INFO	预约成功<br/>您已违约2次,详情请登录web端或联系管理员
2024-04-21 22:10:33,467	INFO	预约成功<br/>您已违约2次,详情请登录web端或联系管理员
2024-04-22 22:11:54,905	INFO	预约成功<br/>您已违约2次,详情请登录web端或联系管理员
2024-04-23 22:11:45,776	INFO	预约成功<br/>您已违约2次,详情请登录web端或联系管理员
2024-04-25 22:09:52,391	INFO	预约成功<br/>您已违约2次,详情请登录web端或联系管理员
2024-04-29 22:10:22,945	INFO	预约成功
2024-05-05 22:07:57,558	INFO	预约成功<br/>您已违约1次,详情请登录web端或联系管理员
2024-05-06 22:09:44,224	ERROR	An error occurred: 'access_token'
2024-05-07 12:09:25,050	ERROR	An error occurred: ('Connection aborted.', ConnectionResetError(104, 'Connection reset by peer'))
2024-05-07 12:50:00,145	ERROR	An error occurred: Unexpected UTF-8 BOM (decode using utf-8-sig): line 1 column 1 (char 0)
2024-05-08 22:08:28,694	INFO	预约成功<br/>您已违约1次,详情请登录web端或联系管理员
2024-05-13 22:09:58,377	INFO	预约成功<br/>您已违约1次,详情请登录web端或联系管理员
2024-05-15 22:11:20,103	INFO	预约成功<br/>您已违约1次,详情请登录web端或联系管理员
2024-05-16 22:09:33,255	INFO	预约成功<br/>您已违约1次,详情请登录web端或联系管理员
2024-05-17 22:09:34,328	INFO	预约成功<br/>您已违约1次,详情请登录web端或联系管理员
2024-05-18 22:08:18,213	INFO	预约成功<br/>您已违约1次,详情请登录web端或联系管理员
2024-05-19 22:10:55,681	INFO	预约成功<br/>您已违约1次,详情请登录web端或联系管理员
2024-05-20 22:09:08,426	INFO	预约成功<br/>您已违约1次,详情请登录web端或联系管理员
2024-05-21 22:08:40,259	INFO	预约成功<br/>您已违约1次,详情请登录web端或联系管理员
2024-05-22 22:08:42,493	INFO	预约成功<br/>您已违约1次,详情请登录web端或联系管理员
2024-05-23 22:09:04,258	INFO	预约成功<br/>您已违约1次,详情请登录web端或联系管理员
2024-05-27 22:08:59,369	INFO	预约成功
2024-05-28 22:09:11,800	INFO	预约成功
2024-05-29 22:09:16,222	INFO	预约成功
2024-06-03 22:50:00,849	ERROR	An error occurred: Unexpected UTF-8 BOM (decode using utf-8-sig): line 1 column 1 (char 0)
2024-06-04 22:50:03,877	ERROR	An error occurred: Unexpected UTF-8 BOM (decode using utf-8-sig): line 1 column 1 (char 0)
2024-06-06 22:50:01,325	ERROR	An error occurred: Unexpected UTF-8 BOM (decode using utf-8-sig): line 1 column 1 (char 0)
2024-06-09 22:50:02,625	ERROR	An error occurred: Unexpected UTF-8 BOM (decode using utf-8-sig): line 1 column 1 (char 0)
2024-06-10 22:50:01,673	ERROR	An error occurred: Unexpected UTF-8 BOM (decode using utf-8-sig): line 1 column 1 (char 0)
2024-06-11 22:50:02,037	ERROR	An error occurred: Unexpected UTF-8 BOM (decode using utf-8-sig): line 1 column 1 (char 0)
2024-06-14 22:50:03,115	ERROR	An error occurred: Unexpected UTF-8 BOM (decode using utf-8-sig): line 1 column 1 (char 0)
2024-06-20 22:50:01,417	ERROR	An error occurred: Unexpected UTF-8 BOM (decode using utf-8-sig): line 1 column 1 (char 0)
2024-06-29 22:50:00,336	ERROR	An error occurred: Unexpected UTF-8 BOM (decode using utf-8-sig): line 1 column 1 (char 0)
2024-07-01 22:50:01,708	ERROR	An error occurred: Unexpected UTF-8 BOM (decode using utf-8-sig): line 1 column 1 (char 0)
2024-07-10 22:09:20,342	INFO	预约成功<br/>您已违约1次,详情请登录web端或联系管理员
2024-07-11 22:09:50,875	INFO	预约成功<br/>您已违约1次,详情请登录web端或联系管理员
2024-07-13 22:08:52,653	INFO	预约成功<br/>您已违约1次,详情请登录web端或联系管理员
2024-07-14 22:10:11,829	INFO	预约成功<br/>您已违约2次,详情请登录web端或联系管理员
2024-07-15 22:10:03,480	INFO	预约成功<br/>您已违约2次,详情请登录web端或联系管理员
2025-09-24 22:50:01,309	ERROR	An error occurred: Unexpected UTF-8 BOM (decode using utf-8-sig): line 1 column 1 (char 0)
2025-09-25 22:50:00,783	ERROR	An error occurred: Unexpected UTF-8 BOM (decode using utf-8-sig): line 1 column 1 (char 0)
2025-09-26 21:54:38,327	ERROR	An error occurred: Unexpected UTF-8 BOM (decode using utf-8-sig): line 1 column 1 (char 0)
2025-09-26 22:17:18,850	INFO	预约成功<br/>您已违约1次,详情请登录web端或联系管理员
2025-09-27 22:00:00,854	INFO	预约成功<br/>您已违约1次,详情请登录web端或联系管理员
2025-09-27 22:50:01,059	ERROR	An error occurred: Unexpected UTF-8 BOM (decode using utf-8-sig): line 1 column 1 (char 0)
2025-09-28 22:00:01,044	INFO	预约成功<br/>您已违约1次,详情请登录web端或联系管理员
2025-09-28 22:50:01,823	ERROR	An error occurred: Unexpected UTF-8 BOM (decode using utf-8-sig): line 1 column 1 (char 0)
2025-09-29 22:00:01,496	INFO	预约成功<br/>您已违约1次,详情请登录web端或联系管理员
2025-09-29 22:50:02,166	ERROR	An error occurred: Unexpected UTF-8 BOM (decode using utf-8-sig): line 1 column 1 (char 0)
2025-09-30 22:50:00,934	ERROR	An error occurred: Unexpected UTF-8 BOM (decode using utf-8-sig): line 1 column 1 (char 0)
2025-10-01 22:00:02,048	INFO	预约成功<br/>您已违约1次,详情请登录web端或联系管理员
2025-10-01 22:50:02,383	ERROR	An error occurred: Unexpected UTF-8 BOM (decode using utf-8-sig): line 1 column 1 (char 0)
2025-10-02 22:00:01,071	INFO	预约成功<br/>您已违约2次,详情请登录web端或联系管理员
2025-10-02 22:50:02,733	ERROR	An error occurred: Unexpected UTF-8 BOM (decode using utf-8-sig): line 1 column 1 (char 0)
2025-10-04 22:50:00,925	ERROR	An error occurred: Unexpected UTF-8 BOM (decode using utf-8-sig): line 1 column 1 (char 0)
2025-10-06 22:49:59,439	ERROR	An error occurred: Unexpected UTF-8 BOM (decode using utf-8-sig): line 1 column 1 (char 0)
2025-10-07 22:50:02,485	ERROR	An error occurred: Unexpected UTF-8 BOM (decode using utf-8-sig): line 1 column 1 (char 0)
2025-10-08 22:50:02,402	ERROR	An error occurred: Unexpected UTF-8 BOM (decode using utf-8-sig): line 1 column 1 (char 0)
2025-10-09 22:00:01,262	INFO	预约成功<br/>您已违约2次,详情请登录web端或联系管理员
2025-10-09 22:49:59,729	ERROR	An error occurred: Unexpected UTF-8 BOM (decode using utf-8-sig): line 1 column 1 (char 0)
2025-10-10 22:50:01,529	ERROR	An error occurred: Unexpected UTF-8 BOM (decode using utf-8-sig): line 1 column 1 (char 0)
2025-10-12 22:50:01,540	ERROR	An error occurred: Unexpected UTF-8 BOM (decode using utf-8-sig): line 1 column 1 (char 0)
2025-10-13 22:00:01,471	INFO	预约成功
2025-10-13 22:50:02,025	ERROR	An error occurred: Unexpected UTF-8 BOM (decode using utf-8-sig): line 1 column 1 (char 0)
2025-10-14 22:49:58,947	ERROR	An error occurred: Unexpected UTF-8 BOM (decode using utf-8-sig): line 1 column 1 (char 0)
2025-10-15 22:50:01,457	ERROR	An error occurred: Unexpected UTF-8 BOM (decode using utf-8-sig): line 1 column 1 (char 0)
2025-10-16 22:50:02,100	ERROR	An error occurred: Unexpected UTF-8 BOM (decode using utf-8-sig): line 1 column 1 (char 0)
2025-10-17 22:50:02,137	ERROR	An error occurred: Unexpected UTF-8 BOM (decode using utf-8-sig): line 1 column 1 (char 0)
2025-10-18 22:50:01,640	ERROR	An error occurred: Unexpected UTF-8 BOM (decode using utf-8-sig): line 1 column 1 (char 0)
