2024-03-30 21:53:59,923	ERROR	An error occurred: Unexpected UTF-8 BOM (decode using utf-8-sig): line 1 column 1 (char 0)
2024-03-31 11:46:23,021	INFO	预约成功<br/>您已违约2次,详情请登录web端或联系管理员
2024-03-31 22:00:00,858	INFO	预约成功<br/>您已违约2次,详情请登录web端或联系管理员
2024-04-01 21:54:27,222	ERROR	An error occurred: Unexpected UTF-8 BOM (decode using utf-8-sig): line 1 column 1 (char 0)
2024-04-02 11:50:02,136	ERROR	An error occurred: Unexpected UTF-8 BOM (decode using utf-8-sig): line 1 column 1 (char 0)
2024-04-02 22:00:00,596	INFO	预约成功<br/>您已违约2次,详情请登录web端或联系管理员
2024-04-03 22:00:01,064	INFO	预约成功<br/>您已违约2次,详情请登录web端或联系管理员
2024-04-09 22:00:01,148	INFO	预约成功
2024-04-10 22:13:10,360	INFO	预约成功
2024-04-11 22:11:09,781	INFO	预约成功
2024-04-13 22:10:35,269	INFO	预约成功<br/>您已违约2次,详情请登录web端或联系管理员
2024-04-15 22:50:01,932	ERROR	An error occurred: Unexpected UTF-8 BOM (decode using utf-8-sig): line 1 column 1 (char 0)
2024-04-16 22:50:02,551	ERROR	An error occurred: Unexpected UTF-8 BOM (decode using utf-8-sig): line 1 column 1 (char 0)
2024-04-17 22:10:39,892	INFO	预约成功
2024-04-18 22:10:52,884	INFO	预约成功
2024-04-19 22:10:11,621	INFO	预约成功
2024-04-20 22:11:15,987	INFO	预约成功
2024-04-21 22:11:08,820	INFO	预约成功
2024-04-22 22:12:41,317	INFO	预约成功
2024-04-24 22:12:40,095	INFO	预约成功<br/>您已违约1次,详情请登录web端或联系管理员
2024-04-25 22:10:41,929	INFO	预约成功<br/>您已违约1次,详情请登录web端或联系管理员
2024-04-26 22:12:13,704	INFO	预约成功<br/>您已违约2次,详情请登录web端或联系管理员
2024-04-27 22:11:05,908	INFO	预约成功<br/>您已违约2次,详情请登录web端或联系管理员
2024-04-28 22:10:47,455	INFO	预约成功<br/>您已违约2次,详情请登录web端或联系管理员
2024-04-29 22:11:29,105	INFO	预约成功
2024-05-05 22:07:21,118	INFO	预约成功
2024-05-06 22:09:04,875	ERROR	An error occurred: 'access_token'
2024-05-07 22:08:51,999	INFO	预约成功
2024-05-08 22:07:52,882	INFO	预约成功
2024-05-09 22:08:00,315	INFO	预约成功
2024-05-10 22:08:47,225	INFO	预约成功
2024-05-11 22:07:31,903	INFO	预约成功
2024-05-12 22:07:35,922	INFO	预约成功
2024-05-13 22:09:20,257	INFO	预约成功
2024-05-14 22:08:58,765	INFO	预约成功
2024-05-15 22:10:00,172	INFO	预约成功
2024-05-16 22:08:56,997	INFO	预约成功
2024-05-17 22:09:00,265	INFO	预约成功
2024-05-18 22:07:39,776	INFO	预约成功
2024-05-19 22:09:27,052	INFO	预约成功
2024-05-20 22:08:24,962	INFO	预约成功
2024-05-21 22:08:03,367	INFO	预约成功
2024-05-22 22:08:06,440	INFO	预约成功
2024-05-23 22:08:25,314	INFO	预约成功
2024-05-24 22:09:15,778	INFO	预约成功
2024-05-25 22:08:41,739	INFO	预约成功
2024-05-26 22:07:59,492	INFO	预约成功
2024-05-27 22:08:16,983	INFO	预约成功
2024-05-28 22:08:33,545	INFO	预约成功
2024-05-29 22:08:36,693	INFO	预约成功
2024-05-30 22:09:42,985	INFO	预约成功
2024-05-31 22:08:42,790	INFO	预约成功
2024-06-02 22:50:02,542	ERROR	An error occurred: Unexpected UTF-8 BOM (decode using utf-8-sig): line 1 column 1 (char 0)
2024-06-12 22:50:01,862	ERROR	An error occurred: Unexpected UTF-8 BOM (decode using utf-8-sig): line 1 column 1 (char 0)
2024-06-17 22:50:03,273	ERROR	An error occurred: Unexpected UTF-8 BOM (decode using utf-8-sig): line 1 column 1 (char 0)
2024-06-22 22:50:02,366	ERROR	An error occurred: Unexpected UTF-8 BOM (decode using utf-8-sig): line 1 column 1 (char 0)
2024-06-25 22:10:42,190	ERROR	An error occurred: HTTPConnectionPool(host='libzw.csu.edu.cn', port=80): Max retries exceeded with url: /cas/index.php?callback=http%3A%2F%2Flibzw.csu.edu.cn%2Fhome%2Fweb%2Ff_second (Caused by ConnectTimeoutError(<urllib3.connection.HTTPConnection object at 0x7fb97a0111e0>, 'Connection to libzw.csu.edu.cn timed out. (connect timeout=None)'))
2024-06-28 22:50:01,130	ERROR	An error occurred: Unexpected UTF-8 BOM (decode using utf-8-sig): line 1 column 1 (char 0)
2024-07-02 22:50:01,929	ERROR	An error occurred: Unexpected UTF-8 BOM (decode using utf-8-sig): line 1 column 1 (char 0)
2024-07-04 22:50:01,709	ERROR	An error occurred: Unexpected UTF-8 BOM (decode using utf-8-sig): line 1 column 1 (char 0)
2024-07-08 22:09:31,388	INFO	预约成功
2024-07-09 22:10:03,421	INFO	预约成功
2024-07-11 22:09:05,874	INFO	预约成功<br/>您已违约2次,详情请登录web端或联系管理员
2024-07-12 22:08:32,627	INFO	预约成功<br/>您已违约2次,详情请登录web端或联系管理员
2024-07-16 22:09:15,710	INFO	预约成功
2024-07-17 22:10:02,043	INFO	预约成功
2024-07-18 22:08:46,518	INFO	预约成功<br/>您已违约1次,详情请登录web端或联系管理员
2024-07-19 22:10:47,086	INFO	预约成功<br/>您已违约2次,详情请登录web端或联系管理员
2025-09-24 21:50:01,901	ERROR	An error occurred: Unexpected UTF-8 BOM (decode using utf-8-sig): line 1 column 1 (char 0)
2025-09-24 22:00:01,936	INFO	预约成功
2025-09-25 21:50:01,620	ERROR	An error occurred: Unexpected UTF-8 BOM (decode using utf-8-sig): line 1 column 1 (char 0)
2025-09-25 22:00:00,702	INFO	预约成功
2025-09-26 21:50:00,869	ERROR	An error occurred: Unexpected UTF-8 BOM (decode using utf-8-sig): line 1 column 1 (char 0)
2025-09-28 21:50:01,004	ERROR	An error occurred: Unexpected UTF-8 BOM (decode using utf-8-sig): line 1 column 1 (char 0)
2025-09-29 21:50:01,239	ERROR	An error occurred: Unexpected UTF-8 BOM (decode using utf-8-sig): line 1 column 1 (char 0)
2025-09-30 21:50:01,688	ERROR	An error occurred: Unexpected UTF-8 BOM (decode using utf-8-sig): line 1 column 1 (char 0)
2025-09-30 22:00:00,662	INFO	预约成功
2025-10-01 21:50:01,345	ERROR	An error occurred: Unexpected UTF-8 BOM (decode using utf-8-sig): line 1 column 1 (char 0)
2025-10-02 21:50:02,145	ERROR	An error occurred: Unexpected UTF-8 BOM (decode using utf-8-sig): line 1 column 1 (char 0)
2025-10-03 21:50:01,520	ERROR	An error occurred: Unexpected UTF-8 BOM (decode using utf-8-sig): line 1 column 1 (char 0)
2025-10-03 22:00:00,558	INFO	预约成功
2025-10-04 21:50:01,738	ERROR	An error occurred: Unexpected UTF-8 BOM (decode using utf-8-sig): line 1 column 1 (char 0)
2025-10-04 22:00:01,051	INFO	预约成功
2025-10-05 21:50:00,742	ERROR	An error occurred: Unexpected UTF-8 BOM (decode using utf-8-sig): line 1 column 1 (char 0)
2025-10-05 21:59:59,647	INFO	预约成功
2025-10-05 22:49:59,693	ERROR	An error occurred: Unexpected UTF-8 BOM (decode using utf-8-sig): line 1 column 1 (char 0)
